Alive ticks:
208722059
398892251
416889366
418525198
419928062
420455536
420695144
420807631
420902505
420925590
420954817
420940024
420966583
420956759
420974164
420957651
420960990
420955593
420951261
420942578
420952952
420951828
420958497
420989916
420978006
420964835
420959756
420954733
420954290
420965844
420965504
420964466
420938788
420955853
420958895
420979481
420933067
420952925
420951583
420974648
420965652
420969485
420958509
420945206
420951835
420965921
420955524
420964347
420961260
420965942
420960203
420965525
420963068
420960183
420962093
420968659
420964003
420945397
420954584
420957467
420966140
420954978
420957751
420942531
420967338
420960296
420972703
420973575
420965615
420976305
420945231
420960413
420952627
420951916
420970622
420963557
420940193
420966955
420967749
420956415
420981870
420952628
420968328
420973278
420988251
420961821
420955277
420952077
420963782
420967856
420953163
420959262
420929603
420959737
420957414
420964986
420983112
420962382
420955732
420969965
420982663
420937997
420967542
420970979
420956118
420974888
420959929
420965873
420964680
420944368
420972256
420942598
420978190
420963033
420955602
420955481
420959681
420984526
420975144
420950798
420966889
420953610
420960868
420967125
420972578
420952863
420967966
420965387
420947182
420972367
420960693
420958568
420937946
420953580
420951577
420947901
420962515
420968709
420951728
420953921
420970242
420962476
420947194
420954503
420955412
420957310
420956314
420982465
420956242
420958489
420957402
420962381
420967076
420948951
420962069
420956395
420948460
420949033
420950780
420953595
420969532
420945783
420930700
420952071
420953784
420979062
420967719
420947921
420957327
420944636
420963609
420967190
420975757
420957338
420974059
420979818
420955091
420956855
420944838
420976608
420964776
420957588
420954559
420941855
420957210
420958593
420977038
420936749
420952036
420960079
420974543
420958860
420966481
420962634
420967168
420944434
420966356
420969400
420961739
420955954
420937126
420975457
420953795
420965209
420962146
420960100
420960365
420956138
420966132
420962671
420962446
420951143
420966105
420974190
420950886
420951307
420966866
420954180
420955655
420976224
420956108
420972151
420955059
420947121
420960118
420966790
420967513
420965045
420958107
420945744
420953619
420939387
420947880
420945920
420959942
420946808
420957762
420960622
420953624
420948684
420966180
420969104
420951604
420966584
420960432
420971046
420941961
420960115
420948974
420973331
420982173
420943317
420953712
420944678
420959395
420944552

Total run time: 66.852355
