Alive ticks:
134225759
407837345
420182829
419307347
420759719
420910537
420906390
420909707
420931583
420938929
420936321
420921990
420944403
420939668
420940338
420924829
420929429
420913457
420937136
420920321
420937611
420927006
420927454
420948812
420937665
420920639
420926139
420947299
420907939
420945949
420933234
420933435
420918659
420929153
420939462
420946306
420914492
420945279
420914488
420933119
420941329
420929878
420933035
420922848
420927512
420931948
420930626
420933516
420935883
420931756
420934712
420921836
420931282
420928388
420935120
420920061
420937231
420942639
420925667
420928620
420937120
420939949
420912856
420929498
420932877
420921773
420933879
420933165
420931113
420942508
420928204
420924322
420916912
420927516
420942848
420940430
420908091
420940014
420938728
420947768
420928574
420926688
420932725
420925091
420961545
420926222
420910294
420933281
420944103
420910909
420932063
420942082
420916002
420926927
420930983
420942065
420943616
420924110
420924486
420934273
420932145
420914452
420918850
420937130
420924598
420933876
420912328
420929467
420936241
420929612
420928532
420941992
420924786
420932173
420934855
420926517
420933748
420940325
420936962
420937856
420933513
420945883
420930980
420943460
420926248
420908829
420928817
420943485
420920777
420944769
420943588
420938111
420917242
420940675
420928708
420944674
420949398
420940555
420917454
420923809
420937713
420941871
420925253
420928032
420921033
420930602
420929021
420933746
420944096
420936941
420914174
420944548
420954338
420934622
420945999
420924548
420921933
420925870
420925470
420942438
420935065
420941185
420927291
420928952
420927068
420933406
420924208
420918973
420922399
420943469
420931624
420952930
420930692
420931717
420934417
420930615
420945290
420942208
420924569
420930489
420926359
420928165
420919940
420925089
420917576
420932141
420947954
420932006
420929380
420943417
420934245
420938932
420941813
420941434
420935482
420916816
420917518
420935463
420924986
420922445
420919281
420934577
420940972
420933008
420939342
420933786
420929165
420927403
420934643
420935740
420933563
420945846
420935080
420934829
420930994
420925303
420947129
420911676
420943724
420928885
420939633
420936807
420930770
420936091
420925912
420932776
420938207
420945312
420945339
420922772
420922329
420891865
420934731
420933310
420918073
420922097
420924710
420939732
420927579
420940114
420947415
420943778
420937244
420931538
420934831
420907824
420925195
420930420
420924118
420942060
420941189
420924304
420922068
420921424
420935139
420908109

Total run time: 1002.823942
