
I/O run time: 1.422025

Alive ticks:
276120093
390423456
412688411
417418248
419159249
419907384
420313677
420535269
420703985
420767176
420840748
420848841
420870410
420879456
420899073
420887046
420894664
420882752
420897673
420876235
420895078
420894480
420909475
420907007
420882649
420915733
420895483
420895418
420896638
420894084
420908004
420921424
420903734
420892383
420900464
420918022
420867358
420899927
420884360
420900506
420911823
420875967
420890947
420881053
420891910
420896622
420882137
420894497
420895460
420885151
420907493
420903133
420896837
420884692
420901163
420894716
420903321
420906787
420891906
420891491
420908208
420892823
420874220
420891686
420897687
420898778
420902270
420897771
420899380
420890719
420904098
420914404
420890378
420883145
420893218
420898629
420873750
420886538
420902045
420925596
420899277
420899410
420884612
420909980
420906744
420900538
420886792
420903095
420899141
420883563
420902781
420904299
420885072
420900301
420887817
420895884
420901769
420881936
420895545
420895635
420891041
420891576
420873965
420909210
420888736
420902325
420893940
420894289
420893043
420898057
420885143
420888268
420876963
420883718
420893679
420891414
420905874
420908571
420924083
420897471
420888434
420897047
420875288
420875902
420894259
420885439
420882010
420880062
420890075
420902456
420909132
420892596
420894818
420896309
420903122
420910189
420903843
420911228
420888825
420882314
420880347
420897069
420896468
420875675
420884114
420905838
420890755
420920438
420888682
420897852
420890958
420905037
420888557
420900346
420921735
420888131
420881445
420884397
420900214
420903982
420881020
420889557
420895132
420876469
420903247
420896874
420922836
420899287
420894598
420899559
420902646
420902940
420903792
420895992
420898031
420902194
420894169
420903678
420900531
420900100
420883269
420883039
420883525
420883369
420882794
420904332
420910658
420888230
420877387
420905864
420905377
420901610
420911148
420890113
420885975
420895129
420908598
420912304
420879626
420900005
420893552
420909126
420895769
420886110
420904600
420891818
420901302
420904348
420881597
420909857
420896232
420893881
420900425
420886073
420878027
420899201
420907786
420889714
420895129
420897774
420892803
420897421
420878084
420901554
420886285
420905093
420887663
420915664
420898862
420883892
420898462
420888650
420919552
420888207
420887636
420901179
420901994
420898798
420894464
420893400
420893643
420916307
420883057
420904276
420901109
420891882
420892760
420903974
420886861
420904619
420907165
420886322
420893855
420889959
420885735
420893741

Total run time: 34.790618
