Alive ticks:
148417988
405986520
419533197
419154341
420605036
420830838
420866667
420891838
420922961
420925124
420937435
420932553
420950739
420939299
420954153
420921911
420945223
420914398
420939557
420927933
420946558
420922485
420939196
420944306
420936788
420912300
420936654
420930375
420930375
420947071
420942569
420932201
420914198
420938968
420930452
420954170
420917752
420932060
420925003
420953990
420924450
420922761
420933454
420920240
420933292
420918213
420929519
420923089
420934093
420924260
420925352
420937785
420921905
420916400
420947055
420940887
420936813
420936544
420923622
420945939
420932470
420927486
420922574
420923601
420925506
420933446
420942450
420926098
420931120
420929590
420924013
420943818
420917041
420916500
420935709
420935837
420922892
420927199
420943344
420952696
420930639
420927402
420924121
420934064
420950603
420915657
420936161
420933914
420947961
420919724
420937119
420943004
420924272
420933540
420914724
420936058
420945983
420934913
420930856
420934018
420949231
420915709
420946088
420932461
420943830
420939873
420926437
420936909
420947614
420923215
420930342
420922470
420938183
420934014
420934287
420924089
420920644
420952609
420931770
420934140
420941739
420939136
420914631
420944740
420935439
420921131
420942593
420916619
420912446
420935662
420945523
420939365
420917201
420923317
420932431
420926563
420932610
420935478
420920789
420916614
420948822
420936458
420917639
420927993
420932487
420948520
420930728
420941926
420922850
420923553
420930075
420945150
420943192
420926323
420959488
420941709
420926825
420933926
420951152
420929513
420926513
420934827
420933446
420910653
420942496
420949303
420919291
420944526
420914375
420929379
420931234
420938288
420916849
420943777
420932299
420939118
420933442
420937408
420927952
420941205
420944056
420924584
420919863
420940195
420921627
420935954
420951536
420920619
420924640
420932208
420934646
420935476
420940279
420931392
420928035
420921858
420939192
420934534
420929251
420929374
420917050
420929072
420930989
420914973
420938557
420921162
420941194
420928843
420938741
420936742
420944202
420936690
420929782
420935450
420927194
420932066
420951528
420909786
420938714
420930747
420941733
420951151
420928877
420956375
420940519
420928405
420938291
420929945
420937602
420928829
420923429
420922666
420932853
420932853
420917669
420923254
420933237
420937885
420937363
420917112
420937457
420931415
420929879
420940597
420943513
420928856
420929499
420937353
420925555
420921008
420932977
420920041
420943071
420931049
420925207
420925158

Total run time: 239.114811
