Alive ticks:
134225638
404792255
419782576
419113727
420605391
420778939
420794701
420798744
420832034
420825380
420837344
420813913
420832261
420831638
420823638
420825713
420825686
420806247
420824734
420819627
420819732
420818785
420812371
420824628
420838087
420828772
420814974
420842339
420813301
420828016
420822978
420838375
420814823
420813139
420815280
420826438
420804063
420826581
420807482
420829546
420831550
420805385
420832768
420810684
420817455
420815662
420828479
420808578
420820337
420801711
420829040
420828067
420822514
420818914
420833458
420833782
420833420
420823634
420805722
420816571
420828364
420828125
420825666
420811603
420841813
420833147
420818914
420815704
420819255
420812608
420803796
420827494
420821164
420820081
420812915
420819067
420797866
420826799
420837484
420838547
420833175
420813585
420811791
420833607
420840022
420811257
420825234
420823966
420833567
420815129
420833403
420836444
420828951
420822875
420815299
420823056
420828467
420820619
420809803
420829675
420834470
420822261
420819392
420836998
420819587
420817894
420819999
420814999
420826780
420816084
420817694
420819998
420819829
420831807
420814277
420807088
420818347
420827340
420832039
420833427
420823795
420809084
420811093
420834673
420815248
420810341
420818792
420807357
420813090
420834159
420835444
420832298
420790597
420822249
420815823
420838538
420830490
420824018
420809096
420810532
420816534
420824276
420830613
420810734
420812152
420832890
420816196
420829925
420819248
420822840
420813053
420851603
420824050
420816274
420834906
420811415
420815771
420823427
420810785
420821005
420818399
420819998
420820082
420817247
420819719
420826683
420814742
420820083
420820249
420836141
420827458
420818652
420825393
420832907
420833164
420830454
420811681
420832957
420812504
420850898
420828161
420813320
420807102
420815219
420819363
420811557
420844617
420819992
420819547
420814273
420824554
420827507
420841075
420806448
420813302
420810314
420824053
420831121
420800925
420821997
420807660
420836977
420825798
420833371
420832047
420807210
420829199
420821529
420823000
420823139
420807586
420829599
420817396
420826761
420831815
420813744
420826456
420825045
420844414
420827660
420825219
420819681
420817747
420830440
420829908
420819361
420819887
420827488
420815921
420807865
420812097
420814716
420811719
420817681
420809141
420818361
420813241
420828204
420816811
420835078
420818791
420821866
420836739
420837560
420843921
420820847
420819000
420817679
420820121
420822893
420821458
420815244
420802022
420818251
420836484
420822205

Total run time: 265.778503
