Alive ticks:
152852847
406368961
419452988
419161649
420603610
420828190
420901844
420916708
420966328
420958299
420966725
420969327
420975763
420975303
420986636
420959147
420980600
420954990
420956564
420964969
420986754
420953502
420965265
420977852
420965688
420953719
420985487
420970801
420952035
420987291
420971847
420962941
420961233
420978669
420960479
420985560
420941907
420976994
420951492
420972530
420980267
420954964
420964290
420948024
420961670
420972364
420948191
420948840
420966155
420940435
420966970
420973120
420948376
420967463
420976809
420974545
420964418
420958818
420961924
420963695
420970490
420966544
420953186
420960049
420968513
420952093
420973123
420956187
420968085
420973003
420962578
420961439
420968701
420948736
420987614
420951670
420948082
420970400
420969618
420966838
420965519
420970942
420960339
420973139
420982085
420953649
420971115
420945823
420969419
420966026
420956767
420971547
420942591
420974925
420951719
420977839
420975462
420958656
420959637
420956717
420973975
420964673
420956624
420981684
420981608
420967384
420963456
420988654
420977493
420941427
420978112
420957416
420971215
420958790
420971620
420962899
420953763
420977556
420962453
420971275
420957822
420962410
420959115
420975624
420968387
420933482
420970560
420956910
420974380
420975242
420980298
420971581
420951152
420963984
420981946
420970731
420982724
420986974
420938448
420949942
420966581
420954179
420959763
420951021
420971431
420968124
420964965
420975250
420950170
420961775
420969838
420990943
420986574
420970504
420967369
420952872
420958485
420972613
420971439
420968165
420968186
420969828
420957532
420970324
420953937
420974248
420957788
420959490
420959341
420981001
420961422
420987761
420964062
420975319
420969142
420964804
420955493
420970902
420954335
420962787
420960463
420964633
420969930
420953937
420954593
420976344
420979144
420972772
420954869
420960862
420977030
420965396
420982642
420963269
420952549
420970006
420978254
420980207
420954887
420950792
420951384
420989315
420963796
420951107
420982133
420968586
420990155
420967248
420975137
420970977
420952097
420981690
420972984
420983830
420961265
420953251
420972412
420958453
420974462
420953824
420976915
420971041
420970908
420953489
420951845
420986421
420992344
420964670
420973599
420960288
420974647
420964734
420955726
420952896
420952465
420964734
420969870
420988873
420948515
420967378
420964998
420973003
420966353
420963317
420975924
420963503
420964252
420948750
420957604
420972087
420984743
420966453
420959584
420959607
420974242
420965237

Total run time: 267.678399
