Alive ticks:
151966568
406289560
419470714
419160181
420605327
420825443
420892128
420913090
420954077
420950936
420956997
420963364
420971180
420965280
420983334
420953621
420975230
420947246
420956332
420960497
420976179
420944961
420965555
420972266
420959120
420951198
420969279
420962327
420944197
420979453
420966427
420964199
420961738
420973439
420957128
420974578
420933940
420966576
420940887
420973550
420972914
420949425
420959697
420939028
420955531
420960364
420950677
420941266
420961784
420937260
420963771
420957609
420952197
420959258
420972354
420968632
420954514
420952999
420958895
420961477
420970118
420964381
420943295
420953693
420961290
420955200
420965528
420954041
420954865
420974965
420960317
420962658
420961540
420940134
420975459
420953964
420943275
420966375
420959686
420957872
420955066
420970293
420955222
420967514
420970220
420942259
420958490
420933952
420960225
420955775
420966116
420955451
420941889
420970094
420952716
420982657
420975233
420948285
420950613
420963503
420982409
420958556
420946174
420960082
420967361
420959755
420949667
420965149
420959539
420937765
420964044
420957192
420955005
420956932
420969598
420966020
420948685
420955821
420956839
420962949
420943168
420957214
420953233
420980549
420965541
420931852
420955544
420964948
420968756
420970428
420977681
420968491
420934202
420961498
420952359
420960379
420986237
420961026
420950263
420947591
420966891
420952531
420959466
420950394
420954377
420956167
420964249
420949538
420943211
420962738
420965580
420973508
420982858
420957735
420968666
420960677
420963778
420958152
420956903
420952371
420943583
420964412
420955816
420943553
420964393
420972900
420968976
420949977
420954649
420973332
420975897
420970595
420962730
420974017
420951860
420984095
420939498
420970466
420950101
420981255
420956655
420960474
420952641
420971530
420954634
420960295
420977196
420957812
420942459
420950722
420969034
420973199
420975564
420952625
420945343
420950722
420965253
420968334
420951373
420936798
420938005
420968053
420976285
420939221
420981336
420972907
420979114
420957650
420970022
420951059
420949575
420970030
420962343
420967760
420960183
420931701
420961619
420937598
420956890
420963728
420964148
420965958
420955395
420966648
420960049
420967976
420971287
420955430
420960142
420954670
420957289
420950816
420979044
420952391
420964287
420946602
420960814
420961619
420960818
420971441
420957656
420969524
420945609
420974289
420967833
420953073
420969887
420949566
420943692
420968412
420967396
420951768
420956768
420971946
420963312
420957410

Total run time: 251.860320
