Alive ticks:
134225188
392617025
418217315
418334709
420004447
420289059
420328559
420347162
420403294
420380534
420389640
420369330
420397379
420385246
420397419
420372604
420379299
420372436
420382959
420377827
420365439
420381341
420380248
420392416
420372158
420391830
420386837
420380007
420377495
420395215
420390490
420384356
420372413
420379538
420381680
420401602
420358256
420384723
420374962
420387466
420381652
420378453
420392063
420367504
420399958
420381688
420371254
420379106
420383834
420370657
420377952
420380781
420375846
420383118
420380189
420375612
420398614
420386237
420385858
420387586
420392092
420389039
420396592
420369694
420387546
420380879
420380186
420389390
420399065
420377602
420401756
420394098
420343550
420371888
420401917
420368921
420370744
420389559
420389786
420387119
420381363
420370596
420385154
420384018
420405128
420366976
420369251
420371927
420394158
420364974
420375415
420384203
420364987
420382013
420386562
420398496
420392177
420384855
420375163
420382684
420385628
420363510
420403766
420379522
420381331
420394975
420385027
420395614
420395241
420355455
420396956
420375526
420392160
420379596
420396311
420386957
420380905
420375134
420412396
420381466
420365561
420402819
420385301
420383054
420384242
420365522
420383834
420396007
420371743
420386352
420388536
420394218
420383127
420369634
420380298
420368902
420386958
420395985
420367244
420367360
420389644
420375235
420371055
420382154
420369987
420399740
420369088
420393972
420373609
420372790
420378505
420396385
420371680
420381179
420389986
420379731
420388179
420371447
420364219
420381694
420395854
420370958
420375667
420370882
420388224
420403481
420385351
420380766
420376520
420398325
420388398
420408465
420368435
420384589
420379584
420385058
420373639
420384737
420385514
420379358
420396823
420366451
420375645
420379165
420362932
420376864
420381469
420369661
420375448
420382751
420379000
420397628
420370368
420373347
420391641
420381548
420365649
420396332
420365675
420368709
420374216
420391016
420364136
420362254
420389581
420369623
420392875
420372998
420383398
420400149
420378823
420376459
420375445
420389721
420372533
420373282
420392956
420366258
420392851
420393940
420373973
420390517
420379850
420371428
420394487
420391290
420394675
420400013
420382668
420362439
420403219
420375711
420381580
420370282
420378607
420391984
420389499
420382054
420370508
420388704
420394870
420396757
420361546
420379655
420399725
420374313
420385830
420379532
420376239
420405679
420405222
420371568
420381789
420375311
420379420
420394958

Total run time: 74.320769
