
I/O run time: 43.778761

Alive ticks:
134224666
376890357
416099023
417328279
419202607
419621089
419701104
419731264
419788528
419772646
419811727
419798714
419804117
419792797
419820599
419795741
419793091
419777688
419796679
419777789
419814399
419821416
419794360
419823800
419781903
419816415
419777965
419817260
419771479
419810353
419777929
419822108
419785166
419785245
419804760
419813265
419771257
419811691
419791194
419821550
419789884
419784681
419806624
419805516
419803327
419799258
419798907
419785780
419796434
419782000
419801105
419792792
419788039
419776576
419821685
419794036
419796277
419786856
419813585
419795111
419805243
419790696
419786739
419794273
419809657
419796320
419788408
419797670
419817815
419806157
419793127
419805689
419784503
419789608
419817135
419792796
419766067
419823328
419805314
419800207
419817836
419794163
419772279
419823531
419819904
419789399
419804338
419787604
419811628
419815023
419803517
419809049
419785502
419790421
419788284
419809386
419799908
419787269
419801578
419808660
419807116
419806082
419784268
419817172
419787088
419794453
419794943
419792902
419792495
419774960
419797633
419787759
419784030
419807551
419802128
419763917
419803753
419807277
419814755
419787504
419786219
419802469
419798271
419807900
419811767
419782763
419788710
419797311
419804598
419812280
419804627
419799957
419776018
419787973
419791749
419770625
419819497
419811045
419795502
419778509
419807728
419783720
419781711
419782776
419805506
419802706
419794106
419804712
419788197
419792474
419806227
419807932
419812957
419791171
419807477
419783838
419788255
419787786
419784505
419794053
419797215
419801032
419803415
419774007
419794444
419825158
419803998
419791758
419791955
419788565
419819825
419810734
419800130
419800936
419789622
419802741
419805787
419802309
419769756
419827981
419790682
419774694
419811595
419784564
419783065
419804200
419818072
419803501
419792724
419786626
419801992
419801384
419787883
419777045
419804653
419782877
419798457
419803263
419784996
419791377
419786789
419794523
419803844
419795178
419800725
419783444
419817524
419783315
419794325
419811581
419811416
419795927
419799932
419805133
419780637
419793999
419810869
419786373
419793163
419801302
419800950
419816244
419793286
419807447
419792040
419781499
419800448
419800749
419796504
419768703
419803387
419795374
419797837
419776994
419780927
419806384
419803978
419800778
419799995
419801718
419807015
419795884
419792256
419788552
419812832
419801212
419796283
419780535
419807385
419799570
419817770
419787931
419791061
419778106
419775762
419801590

Total run time: 37.430783
