Alive ticks:
207538645
398787181
416908807
418520500
419930065
420452396
420688824
420801354
420896732
420916200
420947509
420930420
420953294
420947657
420967271
420947895
420954485
420939084
420938335
420935494
420942149
420940829
420956514
420986949
420969937
420946450
420953728
420950377
420947593
420957224
420954474
420958139
420927602
420946688
420959312
420979296
420923890
420948736
420937762
420965722
420959347
420958905
420949067
420937154
420945111
420959922
420938546
420943877
420951941
420950409
420956053
420951177
420950083
420948496
420954370
420960494
420953252
420935539
420951423
420947573
420964739
420940532
420947419
420936320
420963938
420953598
420956126
420953695
420953634
420963584
420942563
420950839
420937708
420940612
420956625
420961919
420934694
420954293
420965035
420952042
420967285
420944252
420942126
420964148
420982886
420949409
420936816
420945997
420950543
420945866
420955083
420951582
420931542
420955601
420945528
420957159
420971077
420952157
420941755
420959183
420959393
420935490
420946480
420945498
420939259
420960120
420955266
420954502
420953912
420941871
420956618
420939908
420958090
420950725
420961264
420938846
420937275
420960308
420971158
420946893
420956332
420957451
420949968
420961442
420967048
420931642
420958763
420938146
420945216
420958544
420967829
420943889
420937866
420948000
420946889
420956420
420961285
420959240
420932536
420965287
420964948
420950046
420947846
420948108
420944870
420946523
420937819
420957286
420948633
420966845
420947204
420948732
420965889
420950146
420954636
420958215
420954066
420947541
420951998
420960523
420959505
420932121
420944289
420939815
420932676
420963047
420959071
420955122
420944378
420949903
420951819
420957402
420953096
420948865
420944935
420969824
420944667
420959066
420934293
420969667
420957852
420937006
420939892
420927639
420951894
420958862
420953226
420949383
420946945
420959611
420950204
420955255
420962623
420948187
420963079
420952242
420953768
420956853
420945443
420936772
420936383
420962306
420940753
420930472
420949476
420936304
420944927
420943437
420956612
420950462
420940362
420951832
420920217
420951400
420953811
420947641
420973620
420945842
420951241
420968459
420960135
420965401
420943462
420953515
420960188
420948629
420968894
420954951
420962899
420950052
420951424
420945122
420963670
420932683
420935440
420959404
420946128
420955388
420948840
420966463
420966322
420947393
420951785
420951661
420950791
420950474
420942208
420937656
420939931
420965500
420963574
420935215
420940010
420945098
420946810
420951828

Total run time: 65.748863
