
I/O run time: 0.178624

Alive ticks:
280851673
390801090
412525556
417423935
419161913
419908694
420331025
420561353
420741404
420807277
420868713
420877839
420897685
420920413
420935992
420925000
420932284
420925858
420928283
420903895
420938013
420916795
420942357
420934867
420930189
420930410
420934135
420934995
420936670
420946591
420940150
420941928
420936281
420920888
420934516
420950904
420913838
420928021
420935632
420949591
420945258
420932380
420937325
420921983
420934493
420917554
420928392
420933860
420931674
420915586
420946504
420943852
420940917
420915411
420938349
420930405
420937150
420940867
420923451
420938005
420939082
420932856
420924759
420932117
420944035
420925420
420935245
420928516
420935805
420931003
420938267
420941967
420906783
420924291
420948552
420934765
420911138
420928190
420929032
420951444
420944750
420943856
420928761
420945302
420950510
420920848
420943520
420924766
420943312
420919470
420935747
420934997
420912921
420937182
420933198
420947744
420936024
420911669
420926679
420922446
420923519
420934293
420921252
420942600
420935128
420936442
420932304
420943377
420943182
420920106
420940461
420915821
420932061
420928896
420929876
420916745
420946683
420940736
420959074
420946265
420932637
420934146
420925927
420940780
420942325
420926454
420923437
420930545
420924613
420938039
420944533
420934571
420922263
420932754
420930268
420918788
420943572
420934206
420918930
420928232
420925024
420914023
420925951
420949888
420948425
420941247
420927829
420948152
420928138
420933749
420913362
420954557
420934832
420939693
420939071
420934425
420942678
420938091
420920666
420932382
420936367
420929376
420928064
420919104
420934379
420938171
420926859
420931083
420925242
420936835
420931966
420953990
420935104
420927646
420923356
420947461
420924950
420933241
420926088
420950546
420925985
420923241
420907447
420917612
420919748
420936178
420935560
420931198
420927500
420939053
420948179
420944718
420923762
420926632
420929453
420929010
420942045
420945123
420916982
420930665
420915527
420952324
420941436
420928106
420946735
420915895
420952492
420926165
420941987
420922339
420933766
420932239
420927832
420945200
420929623
420931110
420942909
420925845
420925501
420930152
420928530
420945985
420926902
420940018
420926437
420928405
420955024
420930854
420949647
420905736
420926066
420926806
420945978
420913728
420927340
420939557
420940688
420942824
420934248
420933336
420927150
420936178
420944110
420930789
420944483
420931633
420909020
420918216
420934715
420945374
420946655
420929630
420928597
420924692
420934196
420936072

Total run time: 33.567934
