Alive ticks:
205173479
398584814
416949344
418514731
419929549
420451419
420679454
420789789
420883590
420898809
420928055
420906207
420938267
420935930
420945356
420927121
420937401
420924023
420920012
420914804
420925562
420926658
420945278
420959801
420959229
420928738
420937472
420925931
420933437
420942977
420933641
420948521
420924755
420914670
420941943
420952951
420907818
420928259
420923156
420952959
420927860
420936368
420933651
420926701
420932919
420929380
420916328
420912991
420935134
420918457
420932805
420923461
420932877
420931090
420944915
420938806
420927773
420919310
420948240
420928997
420941842
420927498
420926514
420923265
420941084
420922991
420932749
420950135
420930110
420940422
420925699
420920972
420914664
420922452
420938941
420938425
420931147
420943571
420935561
420940890
420949914
420934338
420917494
420942675
420938396
420923345
420928439
420919051
420954594
420931988
420937569
420946052
420913630
420944451
420937646
420943911
420948124
420932708
420921670
420931015
420950966
420925834
420933543
420940349
420927453
420939560
420927132
420931290
420937693
420917912
420927774
420933931
420937470
420928325
420928562
420909878
420936099
420941829
420947929
420930640
420932761
420940761
420929471
420932653
420930589
420918261
420919205
420940634
420933569
420935262
420940521
420934160
420912269
420920042
420930009
420913352
420938202
420941357
420925844
420923677
420937208
420932245
420927203
420921529
420904606
420941510
420929763
420926535
420923317
420919822
420933059
420930834
420945996
420938309
420956563
420921620
420924600
420925415
420936368
420941671
420937107
420897347
420925855
420924448
420934230
420945719
420923722
420938009
420927259
420931814
420937229
420941758
420920299
420930546
420921790
420941447
420939535
420940998
420921712
420936946
420926916
420931130
420907692
420935600
420921179
420941000
420961121
420933016
420937825
420937012
420941726
420941914
420951958
420919830
420930579
420921424
420930350
420924311
420905953
420923202
420925747
420930083
420918306
420939848
420930094
420918207
420942438
420926266
420938779
420930612
420940486
420920270
420931677
420919479
420927514
420916467
420947341
420919106
420930475
420942286
420929167
420960241
420920450
420944703
420924234
420947323
420959500
420925162
420927772
420920057
420926665
420910109
420934993
420917141
420924568
420935857
420919173
420949664
420939648
420928153
420937175
420935699
420939044
420940219
420918714
420930094
420914578
420952375
420933673
420933824
420961940
420918929
420924855
420923439
420936995
420924957

Total run time: 65.524512
