Alive ticks:
137774339
408143092
420120885
419310862
420758545
420906297
420928642
420934061
420966236
420956854
420961343
420952390
420970526
420951615
420968099
420950937
420969017
420940684
420961202
420952560
420965352
420941452
420946206
420976194
420974772
420951388
420952619
420964225
420926598
420971964
420962400
420960995
420950697
420954578
420968051
420978723
420947054
420977251
420947243
420978480
420962402
420965788
420966246
420959690
420964740
420967289
420958187
420939588
420962017
420942618
420951270
420970519
420949979
420959027
420963139
420942292
420976314
420962024
420946757
420951354
420981150
420953904
420953746
420942761
420957811
420952881
420970861
420957788
420950968
420951871
420959561
420959612
420962749
420954413
420962275
420965724
420929683
420981254
420966422
420960381
420967262
420951410
420945081
420958950
420975462
420960858
420969218
420961610
420964203
420964340
420983677
420968194
420955791
420968813
420969064
420977166
420964482
420954129
420963636
420957046
420966254
420942177
420953807
420959805
420961812
420970834
420961748
420948555
420955043
420960808
420964467
420948235
420942589
420954818
420966775
420948587
420970556
420961069
420976198
420953374
420948463
420971374
420956460
420961042
420971320
420939756
420957990
420953552
420961523
420953666
420964678
420955097
420948308
420957170
420946923
420947777
420961037
420974434
420948860
420938826
420962185
420951477
420973521
420965634
420953413
420960112
420951806
420961067
420969952
420962865
420965803
420961556
420960071
420958217
420968935
420945678
420960326
420949667
420981097
420954629
420964683
420951256
420946566
420956132
420961456
420967338
420969841
420966419
420957218
420968632
420963491
420981644
420945464
420955145
420966298
420959682
420963693
420956164
420935692
420970039
420978356
420961184
420967059
420959721
420958251
420958810
420960580
420950767
420946513
420941719
420969172
420957678
420996036
420966008
420948616
420954438
420967150
420951937
420947995
420959009
420946788
420964603
420958599
420945400
420953954
420943252
420957709
420970506
420963591
420940417
420953716
420973815
420953181
420981572
420954913
420960338
420976920
420946234
420966642
420990829
420962709
420977766
420957182
420967606
420965815
420967418
420961750
420971204
420947797
420949313
420961215
420963072
420955105
420938984
420960399
420964494
420960082
420968516
420952657
420948617
420949441
420977976
420959589
420964185
420961884
420962089
420949834
420961680
420966578
420973338
420970592
420946175
420951588
420954289
420964435
420943347

Total run time: 968.240309
