Alive ticks:
138660618
408220714
420101447
419311785
420758820
420907770
420939754
420937669
420977634
420960833
420968464
420960086
420977586
420956565
420972076
420956515
420980030
420949151
420962258
420953332
420970893
420951644
420957567
420981897
420975563
420960832
420955685
420967433
420937422
420972488
420974553
420963754
420956018
420961434
420968841
420982313
420958205
420977304
420956749
420981049
420971108
420969199
420970771
420963592
420965180
420974227
420959263
420948089
420973584
420955715
420960240
420974222
420946789
420972207
420968823
420965506
420976553
420961202
420954187
420962936
420981754
420962984
420953349
420958280
420963958
420957337
420983210
420963727
420949161
420963691
420967417
420967309
420959453
420950131
420978954
420974509
420935639
420979784
420963246
420964177
420975970
420960888
420951347
420968958
420982162
420966410
420973292
420965276
420979798
420976867
420974478
420975142
420964541
420974965
420966459
420971971
420965941
420957932
420968142
420959020
420956806
420951945
420968843
420977582
420963566
420984485
420960992
420965037
420955438
420965096
420966685
420964121
420964378
420955977
420974282
420956937
420972807
420974007
420987964
420970996
420959666
420973535
420959971
420965889
420973638
420950979
420972657
420969683
420966381
420967756
420972033
420956264
420949443
420968275
420961444
420972629
420969167
420978493
420950894
420953055
420978782
420964615
420962034
420974150
420960068
420965102
420960228
420979788
420958336
420965901
420969250
420969893
420965450
420964953
420988830
420973877
420980740
420975321
420978433
420959469
420969420
420972645
420969835
420956953
420963465
420967447
420982101
420965938
420955057
420962533
420982489
420981034
420967455
420958968
420986479
420972485
420977827
420973175
420956169
420984339
420981635
420950848
420960198
420949947
420961374
420970922
420970154
420974425
420957881
420965340
420979741
420978567
420984907
420972711
420959928
420966659
420971460
420960593
420958171
420950283
420947386
420993767
420967271
420963878
420969506
420958922
420967501
420966643
420960842
420973695
420970371
420972346
420972239
420974435
420953852
420954416
420979457
420953399
420964713
420975599
420965729
420982849
420960103
420965722
420974127
420971888
420965917
420966738
420972713
420952817
420973857
420959200
420970358
420954673
420951687
420976942
420950170
420973302
420969616
420964714
420967152
420963219
420956493
420961183
420967245
420971145
420978858
420958045
420970021
420975635
420976509
420958385
420949714
420970972
420949721
420965245

Total run time: 1032.547306
