Alive ticks:
138808838
408232540
420096973
419311519
420758902
420908726
420940947
420940100
420979089
420960938
420967275
420962591
420978639
420959211
420973344
420957747
420981148
420948944
420963978
420955241
420974170
420951695
420957235
420984176
420978328
420963957
420957543
420968084
420939400
420971615
420976535
420963845
420958792
420960778
420968748
420980535
420960682
420980245
420957680
420980754
420974585
420971533
420969186
420964752
420964826
420974950
420957821
420950366
420971931
420958790
420966304
420974110
420951591
420975367
420967081
420968701
420977893
420962947
420957905
420963818
420985140
420961595
420956028
420957232
420964875
420962001
420983454
420963414
420952856
420965940
420968874
420968643
420962535
420952984
420979738
420979415
420939110
420984382
420961639
420965626
420978305
420961611
420953507
420970681
420980188
420967272
420974989
420969809
420980442
420978211
420969189
420972968
420967545
420975586
420970246
420975704
420967534
420961246
420968424
420961405
420964315
420951402
420965708
420980133
420963199
420980236
420954772
420973712
420965100
420966132
420976662
420961105
420965741
420957370
420971092
420960485
420972367
420975506
420987955
420970366
420966369
420978277
420965177
420968488
420970938
420951292
420974141
420972533
420964894
420968932
420972919
420958884
420954343
420970955
420959105
420975603
420968568
420975593
420958197
420953401
420980022
420972494
420964936
420972024
420965508
420964003
420956463
420980204
420959823
420969317
420965614
420974610
420969882
420968309
420980457
420968249
420982705
420979063
420975086
420954510
420965264
420978741
420970552
420959506
420964893
420972248
420977686
420965685
420960168
420958813
420983879
420976356
420968496
420954422
420990729
420978655
420979016
420978101
420953786
420985821
420983155
420949536
420960154
420948381
420964328
420980122
420970463
420974913
420957428
420975533
420972722
420980649
420978144
420967770
420964418
420969260
420967528
420964363
420955685
420953548
420953591
420991600
420963150
420968510
420968028
420966109
420967540
420968107
420969467
420973456
420969706
420971137
420967637
420977549
420959551
420954874
420973101
420952637
420968555
420962575
420959042
420983103
420954622
420965306
420972981
420970929
420958734
420963598
420981347
420960144
420975980
420953461
420974319
420948586
420959062
420971623
420945076
420975565
420969090
420968853
420967225
420971535
420947134
420966506
420969599
420974799
420977428
420963254
420971305
420977297
420989273
420955417
420955980
420962044
420954226
420961961

Total run time: 1032.791601
