
I/O run time: 10.401819

Alive ticks:
247742614
388182608
413658537
417388003
419152536
419861609
420215428
420378934
420524258
420580289
420626539
420631465
420655717
420682815
420661942
420660858
420680891
420678918
420681725
420651946
420666010
420683661
420679866
420676346
420678095
420679744
420680714
420669894
420672365
420678893
420683576
420693731
420668754
420656002
420669104
420698456
420659956
420691811
420666001
420693492
420679096
420666908
420655840
420662071
420684873
420683897
420674484
420675781
420670924
420663094
420656443
420675599
420675043
420664277
420693687
420675142
420668000
420660803
420659620
420687176
420680597
420668115
420668750
420678123
420685407
420686368
420668261
420659342
420681980
420688333
420678184
420691854
420666305
420663976
420685330
420667877
420649767
420684543
420688314
420692363
420666808
420683818
420680204
420698742
420702945
420657888
420665135
420668313
420695670
420667448
420681984
420687008
420634562
420674662
420675286
420683218
420705723
420673770
420675563
420682006
420667220
420682249
420653938
420684068
420687594
420668616
420670593
420676551
420679426
420670119
420665883
420670248
420675416
420673709
420688667
420660346
420684885
420682320
420684847
420675125
420647465
420673828
420681687
420671388
420672234
420662397
420676134
420669868
420666870
420689378
420684017
420678126
420664017
420674163
420661283
420667958
420689603
420685555
420664455
420663016
420675298
420663328
420669526
420680625
420679773
420693994
420664611
420682173
420671808
420684197
420671008
420682405
420694586
420664218
420684614
420675751
420646836
420694696
420664821
420664007
420669433
420674680
420677262
420654445
420678061
420674533
420685336
420666762
420665436
420661884
420670172
420659640
420662548
420666489
420667054
420702583
420678682
420663679
420678837
420689540
420694001
420652878
420665246
420663911
420662801
420680643
420701623
420670508
420659680
420673948
420669515
420687812
420688847
420665496
420669391
420669888
420677925
420687492
420666685
420694056
420652663
420704837
420683883
420670187
420686648
420667703
420684395
420671055
420673397
420662445
420667917
420672820
420671949
420686295
420675187
420659187
420680240
420650576
420682765
420673816
420692715
420690718
420665476
420682664
420666075
420673959
420689250
420682996
420682929
420672343
420693951
420664826
420681975
420673776
420681290
420674122
420670422
420688233
420681960
420673412
420677284
420676620
420671928
420692202
420682253
420691927
420667956
420673305
420682428
420697384
420666998
420672699
420677246
420679195
420659847
420682621

Total run time: 30.552463
