Alive ticks:
152556537
406345422
419458760
419163184
420605069
420828234
420897502
420914250
420959522
420953641
420962311
420966421
420975586
420972790
420985552
420954659
420978955
420953854
420955100
420962138
420983994
420949245
420965587
420976550
420960539
420951975
420978515
420968113
420949238
420984196
420968413
420966105
420959082
420978076
420960090
420980903
420935935
420973043
420953609
420969481
420978122
420954473
420957167
420942970
420959663
420970666
420950798
420945439
420959899
420934139
420967627
420966442
420950538
420969196
420974435
420973701
420962108
420956141
420957945
420963118
420973242
420965484
420949823
420957887
420964022
420951083
420973218
420956400
420967635
420977188
420959835
420955857
420965830
420944715
420978946
420944843
420945047
420962129
420970021
420961959
420962146
420974705
420962126
420972356
420973595
420950166
420968820
420942812
420962223
420959976
420957463
420967104
420947033
420975339
420951118
420980020
420976189
420961732
420955362
420959433
420981096
420963566
420951439
420983304
420976071
420964519
420960349
420978845
420970824
420941611
420974112
420953886
420964040
420959549
420968186
420958176
420948695
420977305
420962266
420964356
420958751
420951881
420956957
420975894
420966409
420938957
420968912
420960214
420969265
420971513
420978906
420980043
420941446
420964581
420979340
420964417
420982373
420984651
420944338
420949659
420957094
420963901
420958384
420956678
420962470
420962461
420962668
420970423
420948959
420956562
420958884
420978865
420991049
420959305
420969267
420953679
420962796
420975582
420958963
420960996
420954271
420965956
420961231
420962433
420956097
420963793
420956553
420954511
420952294
420977310
420959996
420982848
420962175
420971973
420965998
420970028
420947845
420969510
420961071
420970202
420963925
420964103
420970987
420954347
420955937
420979258
420978871
420981209
420956149
420950454
420977719
420971105
420982133
420959506
420952603
420966262
420973717
420974002
420954130
420958486
420949376
420984419
420971494
420941004
420980320
420975152
420979705
420963356
420964483
420971285
420943318
420973087
420972219
420985367
420962819
420948567
420974290
420950629
420966943
420957508
420968382
420972155
420958204
420948857
420955677
420971016
420979179
420959728
420975790
420957947
420950897
420965571
420968566
420958068
420956457
420963678
420973507
420976264
420943012
420966980
420962690
420974429
420950173
420971677
420972462
420952180
420959123
420958273
420946816
420961520
420991775
420958396
420956495
420960213
420968094
420960176

Total run time: 267.762241
