Alive ticks:
190981130
397386629
417205740
418477845
419946100
420427808
420606596
420702689
420762247
420784607
420825350
420790647
420838296
420814902
420846071
420801523
420835850
420812290
420802774
420811477
420812302
420821425
420818080
420824208
420838484
420821767
420824010
420831030
420810762
420821948
420821938
420828628
420813874
420811930
420839820
420833987
420788307
420832450
420808129
420843128
420827101
420815712
420831251
420809155
420822417
420822898
420804745
420815816
420813923
420817288
420821476
420833289
420807824
420797107
420828743
420825573
420827689
420835174
420810410
420820594
420835173
420818918
420802779
420824356
420824923
420821195
420820512
420819650
420836040
420826030
420815427
420845019
420805822
420804866
420829766
420804697
420800247
420835032
420820012
420828514
420825840
420820287
420817318
420820318
420837750
420820235
420804309
420796180
420818714
420826082
420829627
420822660
420812472
420842085
420826787
420837443
420835158
420816041
420825780
420824356
420826256
420811387
420832531
420848084
420829326
420823235
420832578
420835730
420811830
420825384
420826378
420813669
420806490
420827383
420827318
420817606
420829172
420848199
420836849
420824956
420820988
420822270
420818614
420830672
420825771
420822710
420829364
420825016
420830584
420833177
420824731
420825336
420800800
420835302
420820233
420803176
420831593
420821689
420819075
420810778
420829826
420823005
420819054
420815362
420827205
420825938
420806872
420834054
420827150
420813952
420820541
420838260
420826712
420818030
420840958
420816690
420826491
420806671
420841548
420829708
420798509
420833951
420807530
420806965
420814787
420831537
420831207
420817082
420831067
420814845
420838815
420830964
420818970
420830050
420828820
420833603
420834551
420834562
420815637
420851863
420830295
420822459
420808533
420828805
420792043
420817328
420833064
420817032
420814608
420812439
420829505
420834475
420827577
420833686
420815346
420817146
420826943
420830624
420818071
420814162
420816771
420846520
420814488
420821673
420833979
420816642
420832343
420810979
420819430
420810417
420813800
420812876
420821632
420822988
420824689
420818279
420832758
420800352
420819921
420835585
420831457
420828046
420823858
420827333
420822375
420828647
420841223
420816820
420823938
420811158
420832864
420830585
420834375
420808046
420818572
420820363
420832073
420820674
420822734
420823295
420825003
420824041
420822151
420823027
420838672
420832605
420808597
420824562
420823131
420828081
420838962
420800672
420807483
420806295
420809574
420815549

Total run time: 61.728044
