
I/O run time: 0.332716

Alive ticks:
283216838
390988255
412449645
417426838
419160083
419910421
420337534
420571253
420756082
420821978
420882584
420895082
420920367
420932479
420960103
420941481
420949151
420939670
420944619
420926932
420956811
420935301
420956181
420952547
420956749
420952246
420951927
420954604
420954897
420964824
420953862
420958733
420954460
420936636
420945653
420972570
420922253
420940959
420957039
420971898
420969826
420950828
420953850
420934061
420956581
420935562
420956073
420951274
420939740
420948155
420975921
420956230
420948853
420932793
420958055
420946431
420947108
420950033
420936984
420952525
420960986
420947440
420936045
420951079
420959347
420945123
420953848
420946785
420950960
420957292
420953671
420960001
420943303
420932114
420964885
420950356
420932298
420945123
420963605
420967487
420954610
420952812
420954367
420959832
420964155
420936179
420941213
420941483
420954908
420948016
420958205
420950247
420934625
420954368
420935984
420960123
420961552
420944740
420956083
420935291
420954838
420939440
420955622
420952662
420954024
420960683
420937917
420952478
420957388
420952112
420939982
420948019
420964311
420949423
420967367
420931755
420948353
420970712
420964592
420953977
420955146
420955890
420939074
420960622
420945638
420924845
420963172
420949265
420937254
420950341
420969325
420941958
420938211
420949256
420946603
420936897
420945979
420964415
420938616
420927990
420962685
420945290
420929165
420941575
420954292
420963677
420955103
420964962
420950125
420941156
420948069
420949229
420960345
420934294
420962820
420952989
420953076
420965333
420943462
420942538
420948456
420949015
420941279
420940582
420944632
420947651
420963254
420949459
420943229
420938660
420951179
420951009
420960617
420942034
420943089
420964969
420951168
420956552
420931612
420966287
420943496
420936111
420948343
420945169
420938729
420945048
420955281
420947854
420953715
420944904
420966783
420945478
420958945
420943978
420953435
420949452
420960518
420951503
420936677
420955375
420932492
420966356
420940413
420941479
420962066
420958018
420956373
420940419
420938549
420968108
420947616
420940356
420949218
420945802
420953110
420940955
420959543
420944245
420950957
420951259
420947671
420965018
420949735
420955372
420940359
420955306
420946768
420947657
420947106
420942647
420941537
420936912
420959166
420961169
420942908
420959260
420928940
420956900
420952875
420951665
420968769
420961851
420958894
420944988
420947386
420951717
420944138
420945794
420946261
420951364
420961286
420939398
420946977
420932573
420937136
420954669

Total run time: 33.581010
