Alive ticks:
138882667
408239303
420095730
419311178
420759110
420907421
420942136
420940521
420980227
420963032
420969700
420963258
420978860
420959254
420973664
420957848
420982727
420948923
420967698
420957573
420974382
420950807
420957561
420983534
420980176
420965951
420959294
420968497
420940712
420972836
420976105
420965051
420961120
420961180
420968234
420979584
420959050
420980420
420958636
420981494
420975399
420972703
420971207
420967443
420965690
420975295
420957390
420948695
420973914
420958892
420969571
420976098
420953521
420970808
420970947
420966278
420977344
420962244
420960291
420966993
420985814
420963508
420954946
420957934
420966314
420964541
420985189
420967982
420955927
420964682
420969373
420966214
420959276
420951528
420978319
420978823
420936342
420984434
420962285
420970050
420975391
420964941
420952678
420971398
420983190
420966495
420971821
420971230
420982132
420980528
420964619
420972630
420968096
420977042
420971023
420974719
420965042
420962426
420965761
420964852
420965561
420952051
420963359
420980720
420967485
420974802
420956153
420974159
420964426
420963943
420975314
420963105
420966913
420962253
420975830
420959872
420971649
420973540
420991987
420965838
420966431
420978426
420962363
420966673
420968393
420954808
420976204
420970952
420960135
420967625
420975088
420960682
420955695
420969951
420962083
420976025
420966805
420973542
420958879
420955588
420982155
420977295
420963726
420971162
420968453
420970271
420954346
420980054
420955277
420965022
420964868
420972829
420969444
420966391
420983935
420974030
420979316
420977523
420977338
420954239
420964588
420980435
420974616
420957704
420966782
420973074
420978807
420963342
420960767
420969879
420985579
420977692
420976935
420954496
420990406
420987551
420979638
420980501
420954138
420987831
420984754
420945168
420959895
420950519
420962950
420982821
420970293
420976473
420959387
420972873
420970615
420981838
420972668
420965454
420962798
420966722
420970807
420964641
420948379
420956483
420956626
420986997
420966303
420968366
420968955
420969353
420963135
420966029
420970627
420980370
420968686
420966275
420969767
420975736
420961373
420947852
420977388
420960082
420969503
420959631
420960173
420982431
420956812
420963830
420971383
420973815
420957023
420962359
420976453
420962720
420967524
420957831
420972704
420951633
420959383
420973917
420951119
420978986
420972861
420969845
420966561
420976088
420944649
420971382
420968234
420973410
420969095
420963416
420969399
420974876
420985054
420953060
420951415
420962582
420955831
420961959

Total run time: 1032.831161
