Alive ticks:
309380772
448726478
442194393
444216868
444162389
444216214
444221041
444245521
444246440
444247625
444260556
444262083
444224392
444251794
444228461
444236163
444217192
444240306
444246629
444260626
444240091
444244127
444237561
444241347
444232534
444239670
444245867
444233661
444253547
444241373
444213637
444237138
444235321
444242899
444232203
444231616
444229896
444239407
444239249
444250879
444236005
444242625
444241459
444252502
444237875
444229274
444252090
444235946
444233038
444240171
444244535
444228605
444218131
444246488
444240203
444249490
444213224
444248550
444243763
444221598
444248564
444237225
444246441
444233412
444245780
444249959
444248194
444234419
444216104
444242629
444260450
444229826
444240185
444244331
444243509
444236748
444222480
444196384
444240023
444252929
444258190
444233019
444227446
444248515
444249521
444213530
444244378
444247033
444255025
444239654
444231593
444231314
444237561
444271707
444203751
444237043
444241992
444254676
444242002
444256698
444223402
444224803
444235345
444255808
444222861
444223280
444237051
444237658
444227377
444251939
444231537
444240908
444229307
444229475
444261280
444210882
444216656
444243834
444212371
444232062
444227156
444238110
444248109
444234434
444247028
444233858
444238821
444241300

Total run time: 16.308968
