Alive ticks:
134230016
134238208
134246400
134258688
134254592
134291456
134283264
134275072
134303744
134279168
134307840
134344704
134348800
134361088
134406144
134455296
134516736
134500352
134488064
134561792
134553600
134594560
134598656
134643712
134668288
134692864
134672384
134709248
134725632
134758400
134778880
134791168
134823936
134848512
134877184
134877184
134905856
134934528
134922240
134950912
134963200
134701056
134844416
134758400
134782976
134840320
134893568
135045120
135159808
135127040
135122944
135204864
135163904
135311360
135172096
135180288
135282688
135254016
135389184
135331840
135376896
135421952
135385088
135409664
135426048
135426048
135360512
135319552
135438336
135471104
135467008
135548928
135483392
135614464
135544832
135516160
135680000
135483392
135643136
135606272
135806976
135790592
135786496
135774208
135790592
135905280
135659520
135786496
135700480
135733248
135749632
135827456
135880704
135958528
135860224
135983104
136015872
135884800
136060928
135880704
135954432
135987200
136130560
136167424
136097792
136183808
136237056
136130560
136237056
136175616
136208384
136241152
136286208
136339456
136310784
136224768
136290304
136269824
136282112
136388608
136462336
136605696
136601600
136695808
136634368
136605696
136613888
136609792

Total run time: 15.938834
