Alive ticks:
416481634
482976899
478812957
479280300
479223379
479237970
479248851
479239514
479228452
479245973
479230711
479236304
479220808
479240608
479219224
479234503
479235319
479230491
479231338
479228550
479226159
479254483
479230124
479237147
479228358
479244043
479247106
479251516
479238352
479232479
479222728
479229289
479244743
479228194
479227316
479213566
479214604
479243642
479222919
479223572
479247256
479241966
479244266
479227793
479229826
479220505
479224353
479225370
479236989
479225589
479240798
479230216
479222167
479243458
479245180
479217779
479253343
479204213
479238020
479225048
479237637
479252109
479229191
479226362
479205522
479236501
479233384
479237814
479221701
479240450
479245472
479257403
479239206
479242278
479238029
479252799
479216137
479210009
479235599
479222755
479218562
479226480
479231455
479255388
479247849
479228905
479221224
479223709
479261138
479206667
479234906
479225567
479238021
479241143
479209170
479231802
479222911
479232421
479234137
479235493
479218302
479233817
479229750
479230181
479205508
479248962
479227606
479235435
479235707
479246068
479227617
479232367
479247657
479222667
479204097
479220056
479223623
479225617
479239190
479217760
479212153
479225772
479231751
479232787
479210941
479249594
479226811
479217985

Total run time: 16.531681
