Alive ticks:
209903482
385226038
414926876
417350777
419144683
419840333
420092340
420189691
420289641
420324324
420348316
420358221
420367385
420374487
420376794
420364647
420384688
420386697
420370704
420368176
420385846
420379303
420377602
420377957
420379861
420385723
420369034
420387039
420399688
420373029
420401006
420394769
420372187
420365315
420393756
420394923
420367675
420386855
420353484
420412426
420380229
420372984
420381552
420368469
420382987
420382694
420378755
420385366
420382716
420364782
420388092
420389164
420366588
420371071
420383032
420377039
420385101
420363159
420378745
420410884
420378766
420398393
420373650
420375129
420383014
420382075
420386564
420385967
420388045
420388888
420371978
420391101
420375819
420370985
420384003
420379830
420348065
420378232
420392868
420393186
420387793
420387466
420371534
420398869
420393083
420367153
420383057
420379329
420407318
420378116
420389403
420384543
420366622
420387439
420372309
420385138
420395543
420377846
420375261
420390124
420384609
420377761
420380897
420397549
420386453
420366766
420377464
420382617
420385716
420369634
420388884
420374365
420366099
420390542
420377258
420363830
420379236
420393976
420386739
420378625
420385895
420376693
420377952
420369007
420383084
420371568
420385423
420383927

Total run time: 16.130475
